<?xml version="1.0" encoding="UTF-8"?>
<!-- Generated by org.testng.reporters.JUnitReportReporter -->
<testsuite hostname="DESKTOP-0T4GVDK" failures="0" tests="1" name="phpTravelsTests.TravelCustomerTest" time="53.382" errors="0" timestamp="2019-12-14T00:21:20 CET" skipped="0">
  <testcase classname="phpTravelsTests.TravelCustomerTest" name="testCustomers" time="53.382"/>
</testsuite> <!-- phpTravelsTests.TravelCustomerTest -->
