<?xml version="1.0" encoding="UTF-8"?>
<!-- Generated by org.testng.reporters.JUnitReportReporter -->
<testsuite hostname="DESKTOP-0T4GVDK" failures="0" tests="8" name="phpTravelsTests.TravelsMenuTest" time="49.741" errors="0" timestamp="2019-12-12T21:19:35 CET" skipped="0">
  <testcase classname="phpTravelsTests.TravelsMenuTest" name="checkDashboard" time="8.692"/>
  <testcase classname="phpTravelsTests.TravelsMenuTest" name="checkUpdates" time="4.673"/>
  <testcase classname="phpTravelsTests.TravelsMenuTest" name="checkModules" time="4.154"/>
  <testcase classname="phpTravelsTests.TravelsMenuTest" name="checkAddNewTours" time="8.851"/>
  <testcase classname="phpTravelsTests.TravelsMenuTest" name="checkCars" time="10.516"/>
  <testcase classname="phpTravelsTests.TravelsMenuTest" name="checkCoupons" time="4.165"/>
  <testcase classname="phpTravelsTests.TravelsMenuTest" name="checkNewsletter" time="4.231"/>
  <testcase classname="phpTravelsTests.TravelsMenuTest" name="checkBookings" time="4.459"/>
</testsuite> <!-- phpTravelsTests.TravelsMenuTest -->
