<?xml version="1.0" encoding="UTF-8"?>
<!-- Generated by org.testng.reporters.JUnitReportReporter -->
<testsuite hostname="DESKTOP-0T4GVDK" failures="0" tests="1" name="phpTravelsTests.LoginTest" time="18.279" errors="0" timestamp="2019-12-12T22:17:37 CET" skipped="0">
  <testcase classname="phpTravelsTests.LoginTest" name="testCheckLogin" time="18.279"/>
</testsuite> <!-- phpTravelsTests.LoginTest -->
