<?xml version="1.0" encoding="UTF-8"?>
<!-- Generated by org.testng.reporters.JUnitReportReporter -->
<testsuite hostname="DESKTOP-0T4GVDK" failures="0" tests="3" name="phpTravelsTests.TravelsCarsExtrasTest" time="74.985" errors="0" timestamp="2019-12-14T00:31:50 CET" skipped="0">
  <testcase classname="phpTravelsTests.TravelsCarsExtrasTest" name="cars" time="49.784"/>
  <testcase classname="phpTravelsTests.TravelsCarsExtrasTest" name="findCarName" time="2.864"/>
  <testcase classname="phpTravelsTests.TravelsCarsExtrasTest" name="inputStringInPriceFieldTest" time="22.337"/>
</testsuite> <!-- phpTravelsTests.TravelsCarsExtrasTest -->
